Build started 11/1/2012 1:48:13 PM.
     1>Project "C:\Users\Administrator\Documents\GitHub\KeyConcepts\CPlusPlus\EncapInheritancePolymor\EncapInheritancePolymor\EncapInheritancePolymor.vcxproj" on node 2 (build target(s)).
     1>InitializeBuildStatus:
         Creating "Debug\EncapInheritancePolymor.unsuccessfulbuild" because "AlwaysCreate" was specified.
       ClCompile:
         All outputs are up-to-date.
         C:\Program Files (x86)\Microsoft Visual Studio 10.0\VC\bin\CL.exe /c /ZI /nologo /W3 /WX- /Od /Oy- /D WIN32 /D _DEBUG /D _CONSOLE /D _UNICODE /D UNICODE /Gm /EHsc /RTC1 /MDd /GS /fp:precise /Zc:wchar_t /Zc:forScope /Yu"StdAfx.h" /Fp"Debug\EncapInheritancePolymor.pch" /Fo"Debug\\" /Fd"Debug\vc100.pdb" /Gd /TP /analyze- /errorReport:prompt EncapInheritancePolymor.cpp
         EncapInheritancePolymor.cpp
     1>c:\users\administrator\documents\github\keyconcepts\cplusplus\encapinheritancepolymor\encapinheritancepolymor\encapinheritancepolymor.cpp(19): error C3892: 'pi' : you cannot assign to a variable that is const
     1>Done Building Project "C:\Users\Administrator\Documents\GitHub\KeyConcepts\CPlusPlus\EncapInheritancePolymor\EncapInheritancePolymor\EncapInheritancePolymor.vcxproj" (build target(s)) -- FAILED.

Build FAILED.

Time Elapsed 00:00:00.68
